<?xml version="1.0" encoding="UTF-8"?>
<!-- Generated by org.testng.reporters.JUnitReportReporter -->
<testsuite hostname="LAPTOP-K546KIRN" failures="0" tests="1" name="com.automation.test.OrderConfirmationTest" time="3.253" errors="0" timestamp="2023-06-05T20:30:35 PDT" skipped="0">
  <testcase classname="com.automation.test.OrderConfirmationTest" name="orderConfirmation" time="3.253"/>
  <system-out/>
</testsuite> <!-- com.automation.test.OrderConfirmationTest -->
