<?xml version="1.0" encoding="UTF-8"?>
<!-- Generated by org.testng.reporters.JUnitReportReporter -->
<testsuite hostname="LAPTOP-K546KIRN" failures="0" tests="3" name="com.automation.test.LoginTest" time="9.004" errors="0" timestamp="2023-06-05T20:30:35 PDT" skipped="0">
  <testcase classname="com.automation.test.LoginTest" name="verifyUserCanLogin" time="2.932"/>
  <system-out/>
  <testcase classname="com.automation.test.LoginTest" name="verifyUserCanLogout" time="3.232"/>
  <system-out/>
  <testcase classname="com.automation.test.LoginTest" name="verifyUserCannotLoginWithInvalidCred" time="2.840"/>
  <system-out/>
</testsuite> <!-- com.automation.test.LoginTest -->
